make --dry-run --always-make --keep-going --print-directory
make: Entering directory '/mnt/data/src/stream_workspace/sharedlog-stream'
mkdir -p ./bin
GO111MODULE=on go build -tags debug -o bin/lat_tp_handler_debug ./benchmark/lat_tp/lat_tp_handler
mkdir -p ./bin
GO111MODULE=on go build -o bin/lat_tp_handler ./benchmark/lat_tp/lat_tp_handler
mkdir -p ./bin
GO111MODULE=on go build -o bin/sharedlog_bench_client ./benchmark/lat_tp/sharedlog_bench_client
mkdir -p ./bin
GO111MODULE=on go build -o bin/nexmark_kafka_test_src ./benchmark/nexmark/nexmark_kafka_test_src
mkdir -p ./bin
GO111MODULE=on go build -o bin/kafka_consume_bench ./benchmark/lat_tp/kafka_consume
mkdir -p ./bin
GO111MODULE=on go build -o bin/kafka_produce_bench ./benchmark/lat_tp/kafka_produce
mkdir -p ./bin
GO111MODULE=on go build -o bin/nexmark_handler ./benchmark/nexmark/nexmark_handler
mkdir -p ./bin
GO111MODULE=on go build -tags stats -o bin/nexmark_handler_stats ./benchmark/nexmark/nexmark_handler
mkdir -p ./bin
GO111MODULE=on go build -tags "debug,stats" -o bin/nexmark_handler_debug ./benchmark/nexmark/nexmark_handler
mkdir -p ./bin
GO111MODULE=on go build -o bin/nexmark_gen_data_by_spec ./benchmark/nexmark/gen_test_data
mkdir -p ./bin
GO111MODULE=on go build -o bin/nexmark_client ./benchmark/nexmark/nexmark_client
mkdir -p ./bin
GO111MODULE=on go build -o bin/nexmark_genevents_kafka ./benchmark/nexmark/nexmark_genevents_kafka
mkdir -p ./bin
GO111MODULE=on go build -tags debug -o bin/tests_handler_debug ./benchmark/tests/tests_handler
mkdir -p ./bin
GO111MODULE=on go build -o bin/tests_client ./benchmark/tests/tests_client
mkdir -p ./bin
GO111MODULE=on go build -o bin/dspbench_handler ./benchmark/dspbench/dspbench_handler
mkdir -p ./bin
GO111MODULE=on go build -tags debug -o bin/dspbench_handler_debug ./benchmark/dspbench/dspbench_handler
mkdir -p ./bin
GO111MODULE=on go build -o bin/dspbench_client ./benchmark/dspbench/dspbench_client
mkdir -p ./bin
GO111MODULE=on go build -o bin/wordcount_client ./benchmark/dspbench/wordcount_client
mkdir -p ./bin
GO111MODULE=on go build -o bin/wordcount_genevents_kafka ./benchmark/dspbench/wordcount_genevents_kafka
mkdir -p ./bin
GO111MODULE=on go build -o bin/append_read_client ./benchmark/dspbench/append_read_client
make: Leaving directory '/mnt/data/src/stream_workspace/sharedlog-stream'
 
